<?xml version="1.0" encoding="UTF-8"?>
<testsuite xmlns:xsi="http://www.w3.org/2001/XMLSchema-instance" xsi:noNamespaceSchemaLocation="https://maven.apache.org/surefire/maven-surefire-plugin/xsd/surefire-test-report-3.0.xsd" version="3.0" name="edu.uga.miage.m1.polygons.gui.shapes.CircleTest" time="0.163" tests="6" errors="0" skipped="0" failures="0">
  <properties>
[...]
</properties>
  <testcase name="isInsideKO(int, int)[1]" classname="edu.uga.miage.m1.polygons.gui.shapes.CircleTest" time="0.063"/>
  <testcase name="isInsideKO(int, int)[2]" classname="edu.uga.miage.m1.polygons.gui.shapes.CircleTest" time="0"/>
  <testcase name="isInsideKO(int, int)[3]" classname="edu.uga.miage.m1.polygons.gui.shapes.CircleTest" time="0.001"/>
  <testcase name="isInsideOK(int, int)[1]" classname="edu.uga.miage.m1.polygons.gui.shapes.CircleTest" time="0.003"/>
  <testcase name="isInsideOK(int, int)[2]" classname="edu.uga.miage.m1.polygons.gui.shapes.CircleTest" time="0"/>
  <testcase name="isInsideOK(int, int)[3]" classname="edu.uga.miage.m1.polygons.gui.shapes.CircleTest" time="0"/>
</testsuite>